<?xml version="1.0" encoding="UTF-8"?>
<!-- Generated by org.testng.reporters.JUnitXMLReporter -->
<testsuite hostname="EGCZC2149W2T" ignored="14" name="Default test" tests="2" failures="0" timestamp="10 Jul 2019 12:10:52 GMT" time="107.455" errors="0">
  <testcase name="navigateToURLandLogin" time="22.216" classname="SP_CYCC.MSISDN_Info_Test"/>
  <testcase name="assert_BalanceTransfers_Feilds" time="64.635" classname="SP_CYCC.MSISDN_Info_Test"/>
  <testcase name="assert_GensisMSISDN" time="0.0" classname="SP_CYCC.MSISDN_Info_Test">
    <ignored/>
  </testcase> <!-- assert_GensisMSISDN -->
  <testcase name="assert_Buchungsübersicht_tab" time="0.0" classname="SP_CYCC.MSISDN_Info_Test">
    <ignored/>
  </testcase> <!-- assert_Buchungsübersicht_tab -->
  <testcase name="assert_MSISDN_Truncation" time="0.0" classname="SP_CYCC.MSISDN_Info_Test">
    <ignored/>
  </testcase> <!-- assert_MSISDN_Truncation -->
  <testcase name="assert_MSISDN_without49" time="0.0" classname="SP_CYCC.MSISDN_Info_Test">
    <ignored/>
  </testcase> <!-- assert_MSISDN_without49 -->
  <testcase name="assert_wunschtarif_ChangeTariff_checksuccesMessage" time="0.0" classname="SP_CYCC.MSISDN_Info_Test">
    <ignored/>
  </testcase> <!-- assert_wunschtarif_ChangeTariff_checksuccesMessage -->
  <testcase name="assert_wunschtarif_activeButton_Disabled" time="0.0" classname="SP_CYCC.MSISDN_Info_Test">
    <ignored/>
  </testcase> <!-- assert_wunschtarif_activeButton_Disabled -->
  <testcase name="assert_SessionTimer_dispalyed" time="0.0" classname="SP_CYCC.MSISDN_Info_Test">
    <ignored/>
  </testcase> <!-- assert_SessionTimer_dispalyed -->
  <testcase name="assert_MSISDNInfo_Fields_Displayed" time="0.0" classname="SP_CYCC.MSISDN_Info_Test">
    <ignored/>
  </testcase> <!-- assert_MSISDNInfo_Fields_Displayed -->
  <testcase name="assert_GensisMSISDN_link" time="0.0" classname="SP_CYCC.MSISDN_Info_Test">
    <ignored/>
  </testcase> <!-- assert_GensisMSISDN_link -->
  <testcase name="assert_MSISDNnumber_Displayed" time="0.0" classname="SP_CYCC.MSISDN_Info_Test">
    <ignored/>
  </testcase> <!-- assert_MSISDNnumber_Displayed -->
  <testcase name="assert_NeueSuche_link_navigation" time="0.0" classname="SP_CYCC.MSISDN_Info_Test">
    <ignored/>
  </testcase> <!-- assert_NeueSuche_link_navigation -->
  <testcase name="assert_MSISDNInfo_Tabs_Displayed" time="0.0" classname="SP_CYCC.MSISDN_Info_Test">
    <ignored/>
  </testcase> <!-- assert_MSISDNInfo_Tabs_Displayed -->
  <testcase name="assert_MsisdnErnuetLaden_link" time="0.0" classname="SP_CYCC.MSISDN_Info_Test">
    <ignored/>
  </testcase> <!-- assert_MsisdnErnuetLaden_link -->
  <testcase name="assert_KiasPopup_displayed" time="0.0" classname="SP_CYCC.MSISDN_Info_Test">
    <ignored/>
  </testcase> <!-- assert_KiasPopup_displayed -->
</testsuite> <!-- Default test -->
