<?xml version="1.0" encoding="UTF-8"?>
<!-- Generated by org.testng.reporters.JUnitXMLReporter -->
<testsuite hostname="EGCZC2149W2T" ignored="16" name="Default test" tests="2" failures="1" timestamp="11 Jul 2019 11:04:04 GMT" time="145.411" errors="0">
  <testcase name="navigateToURLandLogin" time="21.993" classname="SP_CYCC.MSISDN_Info_Test"/>
  <testcase name="assert_Buchungsübersicht_tab" time="102.791" classname="SP_CYCC.MSISDN_Info_Test">
    <failure type="java.lang.NullPointerException">
      <![CDATA[java.lang.NullPointerException
at Base_Package.propertiesFile_CYCC.get_Buchungsübersicht_tab_dropdown_fields(propertiesFile_CYCC.java:51)
at SP_CYCC.MSISDN_Info_Test.assert_Buchungsübersicht_tab(MSISDN_Info_Test.java:229)
at sun.reflect.NativeMethodAccessorImpl.invoke0(Native Method)
at sun.reflect.NativeMethodAccessorImpl.invoke(Unknown Source)
at sun.reflect.DelegatingMethodAccessorImpl.invoke(Unknown Source)
at java.lang.reflect.Method.invoke(Unknown Source)
at org.testng.internal.MethodInvocationHelper.invokeMethod(MethodInvocationHelper.java:124)
at org.testng.internal.Invoker.invokeMethod(Invoker.java:583)
at org.testng.internal.Invoker.invokeTestMethod(Invoker.java:719)
at org.testng.internal.Invoker.invokeTestMethods(Invoker.java:989)
at org.testng.internal.TestMethodWorker.invokeTestMethods(TestMethodWorker.java:125)
at org.testng.internal.TestMethodWorker.run(TestMethodWorker.java:109)
at org.testng.TestRunner.privateRun(TestRunner.java:648)
at org.testng.TestRunner.run(TestRunner.java:505)
at org.testng.SuiteRunner.runTest(SuiteRunner.java:455)
at org.testng.SuiteRunner.runSequentially(SuiteRunner.java:450)
at org.testng.SuiteRunner.privateRun(SuiteRunner.java:415)
at org.testng.SuiteRunner.run(SuiteRunner.java:364)
at org.testng.SuiteRunnerWorker.runSuite(SuiteRunnerWorker.java:52)
at org.testng.SuiteRunnerWorker.run(SuiteRunnerWorker.java:84)
at org.testng.TestNG.runSuitesSequentially(TestNG.java:1208)
at org.testng.TestNG.runSuitesLocally(TestNG.java:1137)
at org.testng.TestNG.runSuites(TestNG.java:1049)
at org.testng.TestNG.run(TestNG.java:1017)
at org.testng.remote.AbstractRemoteTestNG.run(AbstractRemoteTestNG.java:114)
at org.testng.remote.RemoteTestNG.initAndRun(RemoteTestNG.java:251)
at org.testng.remote.RemoteTestNG.main(RemoteTestNG.java:77)
]]>
    </failure>
  </testcase> <!-- assert_Buchungsübersicht_tab -->
  <testcase name="assert_GensisMSISDN" time="0.0" classname="SP_CYCC.MSISDN_Info_Test">
    <ignored/>
  </testcase> <!-- assert_GensisMSISDN -->
  <testcase name="assert_MSISDN_Truncation" time="0.0" classname="SP_CYCC.MSISDN_Info_Test">
    <ignored/>
  </testcase> <!-- assert_MSISDN_Truncation -->
  <testcase name="assert_MSISDN_without49" time="0.0" classname="SP_CYCC.MSISDN_Info_Test">
    <ignored/>
  </testcase> <!-- assert_MSISDN_without49 -->
  <testcase name="assert_wunschtarif_ChangeTariff_checksuccesMessage" time="0.0" classname="SP_CYCC.MSISDN_Info_Test">
    <ignored/>
  </testcase> <!-- assert_wunschtarif_ChangeTariff_checksuccesMessage -->
  <testcase name="assert_wunschtarif_activeButton_Disabled" time="0.0" classname="SP_CYCC.MSISDN_Info_Test">
    <ignored/>
  </testcase> <!-- assert_wunschtarif_activeButton_Disabled -->
  <testcase name="assert_SessionTimer_dispalyed" time="0.0" classname="SP_CYCC.MSISDN_Info_Test">
    <ignored/>
  </testcase> <!-- assert_SessionTimer_dispalyed -->
  <testcase name="assert_MSISDNInfo_Fields_Displayed" time="0.0" classname="SP_CYCC.MSISDN_Info_Test">
    <ignored/>
  </testcase> <!-- assert_MSISDNInfo_Fields_Displayed -->
  <testcase name="assert_GensisMSISDN_link" time="0.0" classname="SP_CYCC.MSISDN_Info_Test">
    <ignored/>
  </testcase> <!-- assert_GensisMSISDN_link -->
  <testcase name="assert_Nachrichten_dropdownfields" time="0.0" classname="SP_CYCC.MSISDN_Info_Test">
    <ignored/>
  </testcase> <!-- assert_Nachrichten_dropdownfields -->
  <testcase name="assert_MSISDNnumber_Displayed" time="0.0" classname="SP_CYCC.MSISDN_Info_Test">
    <ignored/>
  </testcase> <!-- assert_MSISDNnumber_Displayed -->
  <testcase name="assert_NeueSuche_link_navigation" time="0.0" classname="SP_CYCC.MSISDN_Info_Test">
    <ignored/>
  </testcase> <!-- assert_NeueSuche_link_navigation -->
  <testcase name="assert_KunderFlags_Feilds" time="0.0" classname="SP_CYCC.MSISDN_Info_Test">
    <ignored/>
  </testcase> <!-- assert_KunderFlags_Feilds -->
  <testcase name="assert_BalanceTransfers_Feilds" time="0.0" classname="SP_CYCC.MSISDN_Info_Test">
    <ignored/>
  </testcase> <!-- assert_BalanceTransfers_Feilds -->
  <testcase name="assert_MSISDNInfo_Tabs_Displayed" time="0.0" classname="SP_CYCC.MSISDN_Info_Test">
    <ignored/>
  </testcase> <!-- assert_MSISDNInfo_Tabs_Displayed -->
  <testcase name="assert_MsisdnErnuetLaden_link" time="0.0" classname="SP_CYCC.MSISDN_Info_Test">
    <ignored/>
  </testcase> <!-- assert_MsisdnErnuetLaden_link -->
  <testcase name="assert_KiasPopup_displayed" time="0.0" classname="SP_CYCC.MSISDN_Info_Test">
    <ignored/>
  </testcase> <!-- assert_KiasPopup_displayed -->
</testsuite> <!-- Default test -->
