<?xml version="1.0" encoding="UTF-8"?>
<testng-results skipped="0" failed="0" ignored="14" total="16" passed="2">
  <reporter-output>
    <line>
      <![CDATA[
################################################################################################################################################
Detected SHAFT Engine Version: [2.3.20180305]
################################################################################################################################################]]>
    </line>
    <line>
      <![CDATA[[ReportManager] Attempting to run locally on: [Windows-64], [GoogleChrome]. @10-07-2019 14:09:05.0607 PM]]>
    </line>
    <line>
      <![CDATA[[ReportManager] Successfully Opened Google Chrome. @10-07-2019 14:09:14.0064 PM]]>
    </line>
    <line>
      <![CDATA[[ReportManager] Browser Action [maximizeWindow] successfully performed. With the following test data [New screen size is now: (1616, 876)]. @10-07-2019 14:09:18.0051 PM]]>
    </line>
    <line>
      <![CDATA[
################################################################################################################################################
Starting Execution:[1 out of 2] test cases in the current suite
Test Method:[SP_CYCC.MSISDN_Info_Test.navigateToURLandLogin]
################################################################################################################################################]]>
    </line>
    <line>
      <![CDATA[[ReportManager] Browser Action [navigateToURL] successfully performed. With the following test data [https://esportal8.stweb.elabs.svcs.hpe.com/jsp/serviceportal/login/ServicePortalLogin.jsp]. @10-07-2019 14:09:25.0460 PM]]>
    </line>
    <line>
      <![CDATA[[ReportManager] Element Action [type] successfully performed. With the following test data [admin]. @10-07-2019 14:09:27.0667 PM]]>
    </line>
    <line>
      <![CDATA[[ReportManager] Element Action [type] successfully performed. With the following test data [admin]. @10-07-2019 14:09:29.0526 PM]]>
    </line>
    <line>
      <![CDATA[[ReportManager] Element Action [keyPress] successfully performed. With the following test data [Enter]. @10-07-2019 14:09:33.0874 PM]]>
    </line>
    <line>
      <![CDATA[[ReportManager] Element Action [click] successfully performed. @10-07-2019 14:09:37.0090 PM]]>
    </line>
    <line>
      <![CDATA[[ReportManager] Element Action [click] successfully performed. @10-07-2019 14:09:40.0284 PM]]>
    </line>
    <line>
      <![CDATA[[ReportManager] Successfully created attachment [Animated Gif - navigateToURLandLogin] @10-07-2019 14:09:44.0737 PM]]>
    </line>
    <line>
      <![CDATA[[ReportManager] Successfully created attachment [SHAFT Engine Logs - Current Test log] @10-07-2019 14:09:44.0737 PM]]>
    </line>
    <line>
      <![CDATA[
################################################################################################################################################
Starting Execution:[2 out of 2] test cases in the current suite
Test Method:[SP_CYCC.MSISDN_Info_Test.assert_BalanceTransfers_Feilds]
################################################################################################################################################]]>
    </line>
    <line>
      <![CDATA[[ReportManager] Element Action [type] successfully performed. With the following test data [491620491952]. @10-07-2019 14:09:52.0045 PM]]>
    </line>
    <line>
      <![CDATA[[ReportManager] Element Action [keyPress] successfully performed. With the following test data [Enter]. @10-07-2019 14:09:53.0673 PM]]>
    </line>
    <line>
      <![CDATA[[ReportManager] Element Action [waitForElementToBePresent] successfully performed. With the following test data [waited for (50) seconds, for the element's state of presence to be (true). Element locator (By.xpath: //div[@id = 'myModal']//div[@class = 'modal-content'])]. @10-07-2019 14:10:06.0230 PM]]>
    </line>
    <line>
      <![CDATA[[ReportManager] Element Action [click] successfully performed. @10-07-2019 14:10:14.0003 PM]]>
    </line>
    <line>
      <![CDATA[[ReportManager] Successfully created attachment [Exception Stack Trace - org.openqa.selenium.TimeoutException] @10-07-2019 14:10:33.0942 PM]]>
    </line>
    <line>
      <![CDATA[[ReportManager] Element Action [isElementClickable] successfully performed. @10-07-2019 14:10:35.0343 PM]]>
    </line>
    <line>
      <![CDATA[[ReportManager] Successfully created attachment [Exception Stack Trace - org.openqa.selenium.TimeoutException] @10-07-2019 14:10:45.0711 PM]]>
    </line>
    <line>
      <![CDATA[[ReportManager] Element Action [click] successfully performed. @10-07-2019 14:10:48.0979 PM]]>
    </line>
    <line>
      <![CDATA[[ReportManager] Assertion Passed; actual value [Sperrsoc gesetzt] does match expected value [Sperrsoc gesetzt]. @10-07-2019 14:10:49.0867 PM]]>
    </line>
    <line>
      <![CDATA[[ReportManager] Assertion Passed; actual value [Nutzungsvoraussetzungen nicht erfüllt] does match expected value [Nutzungsvoraussetzungen nicht erfüllt]. @10-07-2019 14:10:49.0869 PM]]>
    </line>
    <line>
      <![CDATA[[ReportManager] Assertion Passed; actual value [maximaler Transferbetrag erreicht ( Geber)] does match expected value [maximaler Transferbetrag erreicht ( Geber)]. @10-07-2019 14:10:49.0870 PM]]>
    </line>
    <line>
      <![CDATA[[ReportManager] Assertion Passed; actual value [maximale tägliche Transferanzahl erreicht] does match expected value [maximale tägliche Transferanzahl erreicht]. @10-07-2019 14:10:49.0871 PM]]>
    </line>
    <line>
      <![CDATA[[ReportManager] Assertion Passed; actual value [maximale monatliche Transferanzahl erreicht] does match expected value [maximale monatliche Transferanzahl erreicht]. @10-07-2019 14:10:49.0872 PM]]>
    </line>
    <line>
      <![CDATA[[ReportManager] Assertion Passed; actual value [keine Aufladung erfolgt] does match expected value [keine Aufladung erfolgt]. @10-07-2019 14:10:49.0873 PM]]>
    </line>
    <line>
      <![CDATA[[ReportManager] Assertion Passed; actual value [Sperrsoc gesetzt] does match expected value [Sperrsoc gesetzt]. @10-07-2019 14:10:49.0874 PM]]>
    </line>
    <line>
      <![CDATA[[ReportManager] Assertion Passed; actual value [Nutzungsvoraussetzungen nicht erfüllt] does match expected value [Nutzungsvoraussetzungen nicht erfüllt]. @10-07-2019 14:10:49.0875 PM]]>
    </line>
    <line>
      <![CDATA[[ReportManager] Assertion Passed; actual value [maximaler Transferbetrag erreicht ( Empfänger )] does match expected value [maximaler Transferbetrag erreicht ( Empfänger )]. @10-07-2019 14:10:49.0877 PM]]>
    </line>
    <line>
      <![CDATA[[ReportManager] Assertion Passed; actual value [maximale tägliche Transferanzahl erreicht] does match expected value [maximale tägliche Transferanzahl erreicht]. @10-07-2019 14:10:49.0878 PM]]>
    </line>
    <line>
      <![CDATA[[ReportManager] Assertion Passed; actual value [maximale monatliche Transferanzahl erreicht] does match expected value [maximale monatliche Transferanzahl erreicht]. @10-07-2019 14:10:49.0879 PM]]>
    </line>
    <line>
      <![CDATA[[ReportManager] Assertion Passed; actual value [Donor Subscriber] does match expected value [Donor Subscriber]. @10-07-2019 14:10:49.0880 PM]]>
    </line>
    <line>
      <![CDATA[[ReportManager] Assertion Passed; actual value [Donor Market] does match expected value [Donor Market]. @10-07-2019 14:10:49.0881 PM]]>
    </line>
    <line>
      <![CDATA[[ReportManager] Assertion Passed; actual value [Recipient Subscriber] does match expected value [Recipient Subscriber]. @10-07-2019 14:10:49.0882 PM]]>
    </line>
    <line>
      <![CDATA[[ReportManager] Assertion Passed; actual value [Recipient Market] does match expected value [Recipient Market]. @10-07-2019 14:10:49.0883 PM]]>
    </line>
    <line>
      <![CDATA[[ReportManager] Assertion Passed; actual value [Status] does match expected value [Status]. @10-07-2019 14:10:49.0884 PM]]>
    </line>
    <line>
      <![CDATA[[ReportManager] Assertion Passed; actual value [Amount] does match expected value [Amount]. @10-07-2019 14:10:49.0885 PM]]>
    </line>
    <line>
      <![CDATA[[ReportManager] Assertion Passed; actual value [Initiating Date] does match expected value [Initiating Date]. @10-07-2019 14:10:49.0886 PM]]>
    </line>
    <line>
      <![CDATA[[ReportManager] Assertion Passed; actual value [Executing Date] does match expected value [Executing Date]. @10-07-2019 14:10:49.0888 PM]]>
    </line>
    <line>
      <![CDATA[[ReportManager] Assertion Passed; actual value [Donor Charge] does match expected value [Donor Charge]. @10-07-2019 14:10:49.0889 PM]]>
    </line>
    <line>
      <![CDATA[[ReportManager] Assertion Passed; actual value [Recipient Adjustment] does match expected value [Recipient Adjustment]. @10-07-2019 14:10:49.0890 PM]]>
    </line>
    <line>
      <![CDATA[[ReportManager] Successfully created attachment [Animated Gif - assert_BalanceTransfers_Feilds] @10-07-2019 14:10:51.0048 PM]]>
    </line>
    <line>
      <![CDATA[[ReportManager] Successfully created attachment [SHAFT Engine Logs - Current Test log] @10-07-2019 14:10:51.0048 PM]]>
    </line>
    <line>
      <![CDATA[[ReportManager] Successfully created attachment [Logs - Performance Logs for [Windows-64]] @10-07-2019 14:10:51.0498 PM]]>
    </line>
    <line>
      <![CDATA[[ReportManager] Successfully created attachment [Logs - Driver Logs for [Windows-64]] @10-07-2019 14:10:52.0334 PM]]>
    </line>
    <line>
      <![CDATA[
################################################################################################################################################
This test run was powered by SHAFT Engine, which was created by [Mohab Mohie].
SHAFT Engine is licensed under the MIT License: [https://github.com/MohabMohie/SHAFT_ENGINE/blob/master/LICENSE].
################################################################################################################################################]]>
    </line>
    <line>
      <![CDATA[[ReportManager] Successfully created attachment [SHAFT Engine Logs - Full Execution log] @10-07-2019 14:10:52.0406 PM]]>
    </line>
  </reporter-output>
  <suite name="Default suite" duration-ms="107455" started-at="2019-07-10T12:09:05Z" finished-at="2019-07-10T12:10:52Z">
    <groups>
    </groups>
    <test name="Default test" duration-ms="107455" started-at="2019-07-10T12:09:05Z" finished-at="2019-07-10T12:10:52Z">
      <class name="SP_CYCC.MSISDN_Info_Test">
        <test-method status="PASS" signature="beforeClass()[pri:0, instance:SP_CYCC.MSISDN_Info_Test@70dd7e15]" name="beforeClass" is-config="true" duration-ms="12929" started-at="2019-07-10T12:09:05Z" finished-at="2019-07-10T12:09:18Z">
          <reporter-output>
            <line>
              <![CDATA[[ReportManager] Attempting to run locally on: [Windows-64], [GoogleChrome]. @10-07-2019 14:09:05.0607 PM]]>
            </line>
            <line>
              <![CDATA[[ReportManager] Successfully Opened Google Chrome. @10-07-2019 14:09:14.0064 PM]]>
            </line>
            <line>
              <![CDATA[[ReportManager] Browser Action [maximizeWindow] successfully performed. With the following test data [New screen size is now: (1616, 876)]. @10-07-2019 14:09:18.0051 PM]]>
            </line>
          </reporter-output>
        </test-method> <!-- beforeClass -->
        <test-method status="PASS" signature="navigateToURLandLogin()[pri:0, instance:SP_CYCC.MSISDN_Info_Test@70dd7e15]" name="navigateToURLandLogin" duration-ms="22216" started-at="2019-07-10T12:09:18Z" finished-at="2019-07-10T12:09:40Z">
          <reporter-output>
            <line>
              <![CDATA[
################################################################################################################################################
Starting Execution:[1 out of 2] test cases in the current suite
Test Method:[SP_CYCC.MSISDN_Info_Test.navigateToURLandLogin]
################################################################################################################################################]]>
            </line>
            <line>
              <![CDATA[[ReportManager] Browser Action [navigateToURL] successfully performed. With the following test data [https://esportal8.stweb.elabs.svcs.hpe.com/jsp/serviceportal/login/ServicePortalLogin.jsp]. @10-07-2019 14:09:25.0460 PM]]>
            </line>
            <line>
              <![CDATA[[ReportManager] Element Action [type] successfully performed. With the following test data [admin]. @10-07-2019 14:09:27.0667 PM]]>
            </line>
            <line>
              <![CDATA[[ReportManager] Element Action [type] successfully performed. With the following test data [admin]. @10-07-2019 14:09:29.0526 PM]]>
            </line>
            <line>
              <![CDATA[[ReportManager] Element Action [keyPress] successfully performed. With the following test data [Enter]. @10-07-2019 14:09:33.0874 PM]]>
            </line>
            <line>
              <![CDATA[[ReportManager] Element Action [click] successfully performed. @10-07-2019 14:09:37.0090 PM]]>
            </line>
            <line>
              <![CDATA[[ReportManager] Element Action [click] successfully performed. @10-07-2019 14:09:40.0284 PM]]>
            </line>
            <line>
              <![CDATA[[ReportManager] Successfully created attachment [Animated Gif - navigateToURLandLogin] @10-07-2019 14:09:44.0737 PM]]>
            </line>
            <line>
              <![CDATA[[ReportManager] Successfully created attachment [SHAFT Engine Logs - Current Test log] @10-07-2019 14:09:44.0737 PM]]>
            </line>
          </reporter-output>
        </test-method> <!-- navigateToURLandLogin -->
        <test-method status="PASS" signature="assert_BalanceTransfers_Feilds()[pri:0, instance:SP_CYCC.MSISDN_Info_Test@70dd7e15]" name="assert_BalanceTransfers_Feilds" duration-ms="64635" started-at="2019-07-10T12:09:45Z" depends-on-methods="SP_CYCC.MSISDN_Info_Test.navigateToURLandLogin" finished-at="2019-07-10T12:10:49Z">
          <reporter-output>
            <line>
              <![CDATA[
################################################################################################################################################
Starting Execution:[2 out of 2] test cases in the current suite
Test Method:[SP_CYCC.MSISDN_Info_Test.assert_BalanceTransfers_Feilds]
################################################################################################################################################]]>
            </line>
            <line>
              <![CDATA[[ReportManager] Element Action [type] successfully performed. With the following test data [491620491952]. @10-07-2019 14:09:52.0045 PM]]>
            </line>
            <line>
              <![CDATA[[ReportManager] Element Action [keyPress] successfully performed. With the following test data [Enter]. @10-07-2019 14:09:53.0673 PM]]>
            </line>
            <line>
              <![CDATA[[ReportManager] Element Action [waitForElementToBePresent] successfully performed. With the following test data [waited for (50) seconds, for the element's state of presence to be (true). Element locator (By.xpath: //div[@id = 'myModal']//div[@class = 'modal-content'])]. @10-07-2019 14:10:06.0230 PM]]>
            </line>
            <line>
              <![CDATA[[ReportManager] Element Action [click] successfully performed. @10-07-2019 14:10:14.0003 PM]]>
            </line>
            <line>
              <![CDATA[[ReportManager] Successfully created attachment [Exception Stack Trace - org.openqa.selenium.TimeoutException] @10-07-2019 14:10:33.0942 PM]]>
            </line>
            <line>
              <![CDATA[[ReportManager] Element Action [isElementClickable] successfully performed. @10-07-2019 14:10:35.0343 PM]]>
            </line>
            <line>
              <![CDATA[[ReportManager] Successfully created attachment [Exception Stack Trace - org.openqa.selenium.TimeoutException] @10-07-2019 14:10:45.0711 PM]]>
            </line>
            <line>
              <![CDATA[[ReportManager] Element Action [click] successfully performed. @10-07-2019 14:10:48.0979 PM]]>
            </line>
            <line>
              <![CDATA[[ReportManager] Assertion Passed; actual value [Sperrsoc gesetzt] does match expected value [Sperrsoc gesetzt]. @10-07-2019 14:10:49.0867 PM]]>
            </line>
            <line>
              <![CDATA[[ReportManager] Assertion Passed; actual value [Nutzungsvoraussetzungen nicht erfüllt] does match expected value [Nutzungsvoraussetzungen nicht erfüllt]. @10-07-2019 14:10:49.0869 PM]]>
            </line>
            <line>
              <![CDATA[[ReportManager] Assertion Passed; actual value [maximaler Transferbetrag erreicht ( Geber)] does match expected value [maximaler Transferbetrag erreicht ( Geber)]. @10-07-2019 14:10:49.0870 PM]]>
            </line>
            <line>
              <![CDATA[[ReportManager] Assertion Passed; actual value [maximale tägliche Transferanzahl erreicht] does match expected value [maximale tägliche Transferanzahl erreicht]. @10-07-2019 14:10:49.0871 PM]]>
            </line>
            <line>
              <![CDATA[[ReportManager] Assertion Passed; actual value [maximale monatliche Transferanzahl erreicht] does match expected value [maximale monatliche Transferanzahl erreicht]. @10-07-2019 14:10:49.0872 PM]]>
            </line>
            <line>
              <![CDATA[[ReportManager] Assertion Passed; actual value [keine Aufladung erfolgt] does match expected value [keine Aufladung erfolgt]. @10-07-2019 14:10:49.0873 PM]]>
            </line>
            <line>
              <![CDATA[[ReportManager] Assertion Passed; actual value [Sperrsoc gesetzt] does match expected value [Sperrsoc gesetzt]. @10-07-2019 14:10:49.0874 PM]]>
            </line>
            <line>
              <![CDATA[[ReportManager] Assertion Passed; actual value [Nutzungsvoraussetzungen nicht erfüllt] does match expected value [Nutzungsvoraussetzungen nicht erfüllt]. @10-07-2019 14:10:49.0875 PM]]>
            </line>
            <line>
              <![CDATA[[ReportManager] Assertion Passed; actual value [maximaler Transferbetrag erreicht ( Empfänger )] does match expected value [maximaler Transferbetrag erreicht ( Empfänger )]. @10-07-2019 14:10:49.0877 PM]]>
            </line>
            <line>
              <![CDATA[[ReportManager] Assertion Passed; actual value [maximale tägliche Transferanzahl erreicht] does match expected value [maximale tägliche Transferanzahl erreicht]. @10-07-2019 14:10:49.0878 PM]]>
            </line>
            <line>
              <![CDATA[[ReportManager] Assertion Passed; actual value [maximale monatliche Transferanzahl erreicht] does match expected value [maximale monatliche Transferanzahl erreicht]. @10-07-2019 14:10:49.0879 PM]]>
            </line>
            <line>
              <![CDATA[[ReportManager] Assertion Passed; actual value [Donor Subscriber] does match expected value [Donor Subscriber]. @10-07-2019 14:10:49.0880 PM]]>
            </line>
            <line>
              <![CDATA[[ReportManager] Assertion Passed; actual value [Donor Market] does match expected value [Donor Market]. @10-07-2019 14:10:49.0881 PM]]>
            </line>
            <line>
              <![CDATA[[ReportManager] Assertion Passed; actual value [Recipient Subscriber] does match expected value [Recipient Subscriber]. @10-07-2019 14:10:49.0882 PM]]>
            </line>
            <line>
              <![CDATA[[ReportManager] Assertion Passed; actual value [Recipient Market] does match expected value [Recipient Market]. @10-07-2019 14:10:49.0883 PM]]>
            </line>
            <line>
              <![CDATA[[ReportManager] Assertion Passed; actual value [Status] does match expected value [Status]. @10-07-2019 14:10:49.0884 PM]]>
            </line>
            <line>
              <![CDATA[[ReportManager] Assertion Passed; actual value [Amount] does match expected value [Amount]. @10-07-2019 14:10:49.0885 PM]]>
            </line>
            <line>
              <![CDATA[[ReportManager] Assertion Passed; actual value [Initiating Date] does match expected value [Initiating Date]. @10-07-2019 14:10:49.0886 PM]]>
            </line>
            <line>
              <![CDATA[[ReportManager] Assertion Passed; actual value [Executing Date] does match expected value [Executing Date]. @10-07-2019 14:10:49.0888 PM]]>
            </line>
            <line>
              <![CDATA[[ReportManager] Assertion Passed; actual value [Donor Charge] does match expected value [Donor Charge]. @10-07-2019 14:10:49.0889 PM]]>
            </line>
            <line>
              <![CDATA[[ReportManager] Assertion Passed; actual value [Recipient Adjustment] does match expected value [Recipient Adjustment]. @10-07-2019 14:10:49.0890 PM]]>
            </line>
            <line>
              <![CDATA[[ReportManager] Successfully created attachment [Animated Gif - assert_BalanceTransfers_Feilds] @10-07-2019 14:10:51.0048 PM]]>
            </line>
            <line>
              <![CDATA[[ReportManager] Successfully created attachment [SHAFT Engine Logs - Current Test log] @10-07-2019 14:10:51.0048 PM]]>
            </line>
            <line>
              <![CDATA[[ReportManager] Successfully created attachment [Logs - Performance Logs for [Windows-64]] @10-07-2019 14:10:51.0498 PM]]>
            </line>
            <line>
              <![CDATA[[ReportManager] Successfully created attachment [Logs - Driver Logs for [Windows-64]] @10-07-2019 14:10:52.0334 PM]]>
            </line>
            <line>
              <![CDATA[
################################################################################################################################################
This test run was powered by SHAFT Engine, which was created by [Mohab Mohie].
SHAFT Engine is licensed under the MIT License: [https://github.com/MohabMohie/SHAFT_ENGINE/blob/master/LICENSE].
################################################################################################################################################]]>
            </line>
            <line>
              <![CDATA[[ReportManager] Successfully created attachment [SHAFT Engine Logs - Full Execution log] @10-07-2019 14:10:52.0406 PM]]>
            </line>
          </reporter-output>
        </test-method> <!-- assert_BalanceTransfers_Feilds -->
      </class> <!-- SP_CYCC.MSISDN_Info_Test -->
    </test> <!-- Default test -->
  </suite> <!-- Default suite -->
</testng-results>
